<?xml version="1.0" encoding="UTF-8"?>
<!-- Generated by org.testng.reporters.JUnitXMLReporter -->
<testsuite ignored="3" hostname="Harinder" failures="0" tests="1" name="Default test" time="142.211" errors="0" timestamp="2023-01-23T15:00:39 GMT-07:00">
  <testcase classname="com.naveenautomation.Tests.MyAccountTest" name="validateLogin" time="0.108"/>
  <testcase classname="com.naveenautomation.Tests.MyAccountTest" name="verifyAlertBannerForTelephoneUpdate" time="0.0">
    <ignored/>
  </testcase> <!-- verifyAlertBannerForTelephoneUpdate -->
  <testcase classname="com.naveenautomation.Tests.MyAccountTest" name="testSomething" time="0.0">
    <ignored/>
  </testcase> <!-- testSomething -->
  <testcase classname="com.naveenautomation.Tests.MyAccountTest" name="verifyAlertBannerForNewsletterSubscription" time="0.0">
    <ignored/>
  </testcase> <!-- verifyAlertBannerForNewsletterSubscription -->
</testsuite> <!-- Default test -->
