<?xml version="1.0" encoding="UTF-8"?>
<!-- Generated by org.testng.reporters.JUnitXMLReporter -->
<testsuite ignored="1" hostname="Harinder" failures="0" tests="3" name="Test" time="0.074" errors="0" timestamp="2024-05-16T13:28:31 EDT">
  <testcase classname="com.naveenautomation.Tests.MyAccountTest" name="testSomething" time="0.013"/>
  <testcase classname="com.naveenautomation.Tests.MyAccountTest" name="validateLogin" time="0.001"/>
  <testcase classname="com.naveenautomation.Tests.MyAccountTest" name="verifyAlertBannerForTelephoneUpdate" time="0.001"/>
  <testcase classname="com.naveenautomation.Tests.MyAccountTest" name="verifyAlertBannerForNewsletterSubscription" time="0.0">
    <ignored/>
  </testcase> <!-- verifyAlertBannerForNewsletterSubscription -->
</testsuite> <!-- Test -->
