<?xml version="1.0" encoding="UTF-8"?>
<testng-results ignored="3" total="4" passed="1" failed="0" skipped="0">
  <reporter-output>
  </reporter-output>
  <suite started-at="2023-01-23T14:58:16 GMT-07:00" name="Default suite" finished-at="2023-01-23T15:00:39 GMT-07:00" duration-ms="142211">
    <groups>
    </groups>
    <test started-at="2023-01-23T14:58:16 GMT-07:00" name="Default test" finished-at="2023-01-23T15:00:39 GMT-07:00" duration-ms="142211">
      <class name="com.naveenautomation.Tests.MyAccountTest">
        <test-method is-config="true" signature="setUp()[pri:0, instance:com.naveenautomation.Tests.MyAccountTest@663c9e7a]" started-at="2023-01-23T14:58:16 GMT-07:00" name="setUp" finished-at="2023-01-23T15:00:22 GMT-07:00" duration-ms="125542" status="PASS">
          <reporter-output>
          </reporter-output>
        </test-method> <!-- setUp -->
        <test-method is-config="true" signature="tearDown()[pri:0, instance:com.naveenautomation.Tests.MyAccountTest@663c9e7a]" started-at="2023-01-23T15:00:38 GMT-07:00" name="tearDown" finished-at="2023-01-23T15:00:38 GMT-07:00" duration-ms="0" status="PASS">
          <reporter-output>
          </reporter-output>
        </test-method> <!-- tearDown -->
        <test-method signature="validateLogin()[pri:0, instance:com.naveenautomation.Tests.MyAccountTest@663c9e7a]" started-at="2023-01-23T15:00:38 GMT-07:00" name="validateLogin" finished-at="2023-01-23T15:00:39 GMT-07:00" duration-ms="108" status="PASS">
          <reporter-output>
          </reporter-output>
        </test-method> <!-- validateLogin -->
      </class> <!-- com.naveenautomation.Tests.MyAccountTest -->
    </test> <!-- Default test -->
  </suite> <!-- Default suite -->
</testng-results>
