<?xml version="1.0" encoding="UTF-8"?>
<testng-results ignored="1" total="4" passed="3" failed="0" skipped="0">
  <reporter-output>
  </reporter-output>
  <suite started-at="2024-05-16T13:28:31 EDT" name="Suite" finished-at="2024-05-16T13:28:31 EDT" duration-ms="74">
    <groups>
      <group name="smoke">
        <method signature="MyAccountTest.testSomething()[pri:0, instance:com.naveenautomation.Tests.MyAccountTest@29e495ff]" name="testSomething" class="com.naveenautomation.Tests.MyAccountTest"/>
        <method signature="MyAccountTest.validateLogin()[pri:0, instance:com.naveenautomation.Tests.MyAccountTest@29e495ff]" name="validateLogin" class="com.naveenautomation.Tests.MyAccountTest"/>
        <method signature="MyAccountTest.verifyAlertBannerForTelephoneUpdate()[pri:0, instance:com.naveenautomation.Tests.MyAccountTest@29e495ff]" name="verifyAlertBannerForTelephoneUpdate" class="com.naveenautomation.Tests.MyAccountTest"/>
      </group> <!-- smoke -->
    </groups>
    <test started-at="2024-05-16T13:28:31 EDT" name="Test" finished-at="2024-05-16T13:28:31 EDT" duration-ms="74">
      <class name="com.naveenautomation.Tests.MyAccountTest">
        <test-method signature="testSomething()[pri:0, instance:com.naveenautomation.Tests.MyAccountTest@29e495ff]" started-at="2024-05-16T13:28:31 EDT" name="testSomething" finished-at="2024-05-16T13:28:31 EDT" duration-ms="13" status="PASS">
          <reporter-output>
          </reporter-output>
        </test-method> <!-- testSomething -->
        <test-method signature="validateLogin()[pri:0, instance:com.naveenautomation.Tests.MyAccountTest@29e495ff]" started-at="2024-05-16T13:28:31 EDT" name="validateLogin" finished-at="2024-05-16T13:28:31 EDT" duration-ms="1" status="PASS">
          <reporter-output>
          </reporter-output>
        </test-method> <!-- validateLogin -->
        <test-method signature="verifyAlertBannerForTelephoneUpdate()[pri:0, instance:com.naveenautomation.Tests.MyAccountTest@29e495ff]" started-at="2024-05-16T13:28:31 EDT" name="verifyAlertBannerForTelephoneUpdate" finished-at="2024-05-16T13:28:31 EDT" duration-ms="1" status="PASS">
          <reporter-output>
          </reporter-output>
        </test-method> <!-- verifyAlertBannerForTelephoneUpdate -->
      </class> <!-- com.naveenautomation.Tests.MyAccountTest -->
    </test> <!-- Test -->
  </suite> <!-- Suite -->
</testng-results>
